<?xml version="1.0" encoding="UTF-8"?>
<testng-results ignored="0" total="1" passed="1" failed="0" skipped="0">
  <reporter-output>
  </reporter-output>
  <suite started-at="2024-08-28T16:17:05 IST" name="Default suite" finished-at="2024-08-28T16:17:16 IST" duration-ms="10703">
    <groups>
    </groups>
    <test started-at="2024-08-28T16:17:05 IST" name="Default test" finished-at="2024-08-28T16:17:16 IST" duration-ms="10703">
      <class name="SP01.SelPro.LaunchFlipkart">
        <test-method signature="openFlipkartLink()[pri:0, instance:SP01.SelPro.LaunchFlipkart@13c9d689]" started-at="2024-08-28T16:17:05 IST" name="openFlipkartLink" finished-at="2024-08-28T16:17:16 IST" duration-ms="10650" status="PASS">
          <reporter-output>
          </reporter-output>
        </test-method> <!-- openFlipkartLink -->
      </class> <!-- SP01.SelPro.LaunchFlipkart -->
    </test> <!-- Default test -->
  </suite> <!-- Default suite -->
</testng-results>
